[0m2021.11.19 10:12:24 INFO  Started: Metals version 0.10.9 in workspace '/home/andreas/Dropbox/PGK/labs/scala/w10_snake/src/main/scala/snake3final' for client Visual Studio Code 1.62.1.[0m
[0m2021.11.19 10:12:25 INFO  time: initialize in 0.97s[0m
[0m2021.11.19 10:12:25 WARN  Build server is not auto-connectable.[0m
[0m2021.11.19 10:12:25 WARN  no build target for: /home/andreas/Dropbox/PGK/labs/scala/w10_snake/src/main/scala/snake3final/SnakeGame.scala[0m
[0m2021.11.19 10:12:27 INFO  no build target: using presentation compiler with only scala-library: 3.1.0[0m
[0m2021.11.19 10:12:29 INFO  time: code lens generation in 1.14s[0m
Nov 19, 2021 10:34:49 AM org.eclipse.lsp4j.jsonrpc.RemoteEndpoint handleCancellation
WARNING: Unmatched cancel notification for request id 89
[0m2021.11.19 10:34:49 WARN  no build target for: /home/andreas/Dropbox/PGK/labs/scala/w10_snake/src/main/scala/snake3final/Snake.scala[0m
[0m2021.11.19 10:34:55 WARN  no build target for: /home/andreas/Dropbox/PGK/labs/scala/w10_snake/src/main/scala/snake3final/Banana.scala[0m
[0m2021.11.19 10:34:58 WARN  no build target for: /home/andreas/Dropbox/PGK/labs/scala/w10_snake/src/main/scala/snake3final/Apple.scala[0m
[0m2021.11.19 10:35:33 WARN  no build target for: /home/andreas/Dropbox/PGK/labs/scala/w10_snake/src/main/scala/snake3final/Banana.scala[0m
[0m2021.11.19 10:37:27 INFO  shutting down Metals[0m
[0m2021.11.19 10:40:18 INFO  Started: Metals version 0.10.9 in workspace '/home/andreas/Dropbox/PGK/labs/scala/w10_snake/src/main/scala/snake3final' for client Visual Studio Code 1.62.1.[0m
[0m2021.11.19 10:40:19 INFO  time: initialize in 0.9s[0m
[0m2021.11.19 10:40:19 WARN  Build server is not auto-connectable.[0m
[0m2021.11.19 10:40:19 WARN  no build target for: /home/andreas/Dropbox/PGK/labs/scala/w10_snake/src/main/scala/snake3final/Banana.scala[0m
[0m2021.11.19 10:40:19 INFO  skipping build import with status 'Requested'[0m
[0m2021.11.19 10:40:21 INFO  no build target: using presentation compiler with only scala-library: 3.1.0[0m
[0m2021.11.19 10:40:22 INFO  time: code lens generation in 2.44s[0m
[0m2021.11.19 10:42:24 INFO  shutting down Metals[0m
