[0m2021.11.03 13:27:13 INFO  Started: Metals version 0.10.8 in workspace '/home/andreas/Dropbox/PGK/labs/scala/w08_life/src/main/scala/life' for client Visual Studio Code 1.61.2.[0m
[0m2021.11.03 13:27:14 INFO  time: initialize in 0.94s[0m
[0m2021.11.03 13:27:14 WARN  Build server is not auto-connectable.[0m
[0m2021.11.03 13:27:14 WARN  no build target for: /home/andreas/Dropbox/PGK/labs/scala/w08_life/src/main/scala/life/Life.scala[0m
[0m2021.11.03 13:27:14 WARN  no build target for: /home/andreas/Dropbox/PGK/labs/scala/w08_life/src/main/scala/life/LifeWindow.scala[0m
[0m2021.11.03 13:27:14 WARN  no build target for: /home/andreas/Dropbox/PGK/labs/scala/w08_life/src/main/scala/life/Main.scala[0m
[0m2021.11.03 13:27:16 INFO  no build target: using presentation compiler with only scala-library: 3.1.0[0m
[0m2021.11.03 13:27:17 INFO  time: code lens generation in 2.88s[0m
[0m2021.11.03 13:27:19 WARN  no build target for: /home/andreas/Dropbox/PGK/labs/scala/w08_life/src/main/scala/life/Matrix.scala[0m
Nov 03, 2021 1:27:20 PM org.eclipse.lsp4j.jsonrpc.RemoteEndpoint handleCancellation
WARNING: Unmatched cancel notification for request id 10
Nov 03, 2021 1:27:28 PM org.eclipse.lsp4j.jsonrpc.RemoteEndpoint handleCancellation
WARNING: Unmatched cancel notification for request id 15
Nov 03, 2021 1:27:32 PM org.eclipse.lsp4j.jsonrpc.RemoteEndpoint handleCancellation
WARNING: Unmatched cancel notification for request id 20
Nov 03, 2021 1:29:06 PM org.eclipse.lsp4j.jsonrpc.RemoteEndpoint handleCancellation
WARNING: Unmatched cancel notification for request id 26
Nov 03, 2021 1:29:39 PM org.eclipse.lsp4j.jsonrpc.RemoteEndpoint handleCancellation
WARNING: Unmatched cancel notification for request id 32
Nov 03, 2021 1:30:21 PM org.eclipse.lsp4j.jsonrpc.RemoteEndpoint handleCancellation
WARNING: Unmatched cancel notification for request id 40
[0m2021.11.03 13:31:13 WARN  no build target for: /home/andreas/Dropbox/PGK/labs/scala/w08_life/src/main/scala/life/LifeWindow.scala[0m
Nov 03, 2021 1:34:04 PM org.eclipse.lsp4j.jsonrpc.RemoteEndpoint handleCancellation
WARNING: Unmatched cancel notification for request id 65
Nov 03, 2021 1:37:24 PM org.eclipse.lsp4j.jsonrpc.RemoteEndpoint handleCancellation
WARNING: Unmatched cancel notification for request id 91
Nov 03, 2021 1:38:15 PM org.eclipse.lsp4j.jsonrpc.RemoteEndpoint handleCancellation
WARNING: Unmatched cancel notification for request id 105
Nov 03, 2021 1:42:00 PM org.eclipse.lsp4j.jsonrpc.RemoteEndpoint handleCancellation
WARNING: Unmatched cancel notification for request id 136
Nov 03, 2021 1:42:03 PM org.eclipse.lsp4j.jsonrpc.RemoteEndpoint handleCancellation
WARNING: Unmatched cancel notification for request id 142
[0m2021.11.03 13:42:09 WARN  no build target for: /home/andreas/Dropbox/PGK/labs/scala/w08_life/src/main/scala/life/Life.scala[0m
[0m2021.11.03 13:42:09 WARN  no build target for: /home/andreas/Dropbox/PGK/labs/scala/w08_life/src/main/scala/life/Life.scala[0m
[0m2021.11.03 13:47:00 INFO  shutting down Metals[0m
[0m2021.11.03 13:47:00 ERROR Unexpected error initializing server
org.eclipse.lsp4j.jsonrpc.ResponseErrorException: Request window/showMessageRequest failed with message: Canceled
	at org.eclipse.lsp4j.jsonrpc.RemoteEndpoint.handleResponse(RemoteEndpoint.java:209)
	at org.eclipse.lsp4j.jsonrpc.RemoteEndpoint.consume(RemoteEndpoint.java:193)
	at org.eclipse.lsp4j.jsonrpc.json.StreamMessageProducer.handleMessage(StreamMessageProducer.java:194)
	at org.eclipse.lsp4j.jsonrpc.json.StreamMessageProducer.listen(StreamMessageProducer.java:94)
	at org.eclipse.lsp4j.jsonrpc.json.ConcurrentMessageProcessor.run(ConcurrentMessageProcessor.java:113)
	at java.util.concurrent.Executors$RunnableAdapter.call(Executors.java:515)
	at java.util.concurrent.FutureTask.run(FutureTask.java:264)
	at java.util.concurrent.ThreadPoolExecutor.runWorker(ThreadPoolExecutor.java:1128)
	at java.util.concurrent.ThreadPoolExecutor$Worker.run(ThreadPoolExecutor.java:628)
	at java.lang.Thread.run(Thread.java:829)
[0m
[0m2021.11.03 14:23:35 INFO  Started: Metals version 0.10.8 in workspace '/home/andreas/Dropbox/PGK/labs/scala/w08_life/src/main/scala/life' for client Visual Studio Code 1.61.2.[0m
[0m2021.11.03 14:23:37 INFO  time: initialize in 1.43s[0m
[0m2021.11.03 14:23:37 WARN  Build server is not auto-connectable.[0m
[0m2021.11.03 14:23:37 WARN  no build target for: /home/andreas/Dropbox/PGK/labs/scala/w08_life/src/main/scala/life/LifeWindow.scala[0m
[0m2021.11.03 14:23:37 WARN  no build target for: /home/andreas/Dropbox/PGK/labs/scala/w08_life/src/main/scala/life/Main.scala[0m
[0m2021.11.03 14:23:37 WARN  no build target for: /home/andreas/Dropbox/PGK/labs/scala/w08_life/src/main/scala/life/Life.scala[0m
[0m2021.11.03 14:23:37 INFO  skipping build import with status 'Requested'[0m
[0m2021.11.03 14:23:37 WARN  no build target for: /home/andreas/Dropbox/PGK/labs/scala/w08_life/src/main/scala/life/Matrix.scala[0m
[0m2021.11.03 14:23:40 INFO  no build target: using presentation compiler with only scala-library: 3.1.0[0m
[0m2021.11.03 14:23:43 INFO  no build target: using presentation compiler with only scala-library: 3.0.2[0m
[0m2021.11.03 14:23:45 INFO  time: code lens generation in 7.57s[0m
[0m2021.11.03 14:23:45 INFO  time: code lens generation in 4.83s[0m
[0m2021.11.03 14:23:45 INFO  time: code lens generation in 7.66s[0m
[0m2021.11.03 14:27:06 WARN  no build target for: /home/andreas/Dropbox/PGK/labs/scala/w08_life/src/main/scala/life/Matrix.scala[0m
[0m2021.11.03 14:27:06 INFO  skipping build import with status 'Requested'[0m
Nov 03, 2021 2:45:54 PM org.eclipse.lsp4j.jsonrpc.services.GenericEndpoint notify
INFO: Unsupported notification method: $/setTrace
Nov 03, 2021 3:02:34 PM org.eclipse.lsp4j.jsonrpc.services.GenericEndpoint notify
INFO: Unsupported notification method: $/setTrace
Nov 03, 2021 3:08:38 PM org.eclipse.lsp4j.jsonrpc.RemoteEndpoint handleCancellation
WARNING: Unmatched cancel notification for request id 44
Nov 03, 2021 3:09:25 PM org.eclipse.lsp4j.jsonrpc.RemoteEndpoint handleCancellation
WARNING: Unmatched cancel notification for request id 52
Nov 03, 2021 3:09:27 PM org.eclipse.lsp4j.jsonrpc.RemoteEndpoint handleCancellation
WARNING: Unmatched cancel notification for request id 57
Nov 03, 2021 3:31:20 PM org.eclipse.lsp4j.jsonrpc.RemoteEndpoint handleCancellation
WARNING: Unmatched cancel notification for request id 166
Nov 03, 2021 3:31:23 PM org.eclipse.lsp4j.jsonrpc.RemoteEndpoint handleCancellation
WARNING: Unmatched cancel notification for request id 171
Nov 03, 2021 3:35:42 PM org.eclipse.lsp4j.jsonrpc.RemoteEndpoint handleCancellation
WARNING: Unmatched cancel notification for request id 214
Nov 03, 2021 3:35:43 PM org.eclipse.lsp4j.jsonrpc.RemoteEndpoint handleCancellation
WARNING: Unmatched cancel notification for request id 219
Nov 03, 2021 3:35:49 PM org.eclipse.lsp4j.jsonrpc.RemoteEndpoint handleCancellation
WARNING: Unmatched cancel notification for request id 225
[0m2021.11.03 15:43:57 WARN  no build target for: /home/andreas/Dropbox/PGK/labs/scala/w08_life/src/main/scala/life/LifeWindow.scala[0m
[0m2021.11.03 15:43:57 INFO  skipping build import with status 'Requested'[0m
[0m2021.11.03 16:04:25 INFO  shutting down Metals[0m
[0m2021.11.05 13:06:40 INFO  Started: Metals version 0.10.8 in workspace '/home/andreas/Dropbox/PGK/labs/scala/w08_life/src/main/scala/life' for client Visual Studio Code 1.61.2.[0m
[0m2021.11.05 13:06:42 INFO  time: initialize in 1.85s[0m
[0m2021.11.05 13:06:42 WARN  Build server is not auto-connectable.[0m
[0m2021.11.05 13:06:43 WARN  no build target for: /home/andreas/Dropbox/PGK/labs/scala/w08_life/src/main/scala/life/LifeWindow.scala[0m
[0m2021.11.05 13:06:42 INFO  skipping build import with status 'Requested'[0m
[0m2021.11.05 13:06:45 INFO  no build target: using presentation compiler with only scala-library: 3.1.0[0m
[0m2021.11.05 13:06:51 INFO  time: code lens generation in 6.19s[0m
[0m2021.11.05 13:10:23 INFO  shutting down Metals[0m
[0m2021.11.05 13:10:45 INFO  Started: Metals version 0.10.9 in workspace '/home/andreas/Dropbox/PGK/labs/scala/w08_life/src/main/scala/life' for client Visual Studio Code 1.61.2.[0m
[0m2021.11.05 13:10:47 INFO  time: initialize in 2.14s[0m
[0m2021.11.05 13:10:47 WARN  Build server is not auto-connectable.[0m
[0m2021.11.05 13:10:48 WARN  no build target for: /home/andreas/Dropbox/PGK/labs/scala/w08_life/src/main/scala/life/LifeWindow.scala[0m
[0m2021.11.05 13:10:48 INFO  skipping build import with status 'Requested'[0m
[0m2021.11.05 13:10:52 INFO  no build target: using presentation compiler with only scala-library: 3.1.0[0m
[0m2021.11.05 13:11:07 INFO  time: code lens generation in 17s[0m
[0m2021.11.05 13:12:02 INFO  shutting down Metals[0m
[0m2021.11.05 13:21:31 INFO  Started: Metals version 0.10.9 in workspace '/home/andreas/Dropbox/PGK/labs/scala/w08_life/src/main/scala/life' for client Visual Studio Code 1.61.2.[0m
[0m2021.11.05 13:21:33 INFO  time: initialize in 1.78s[0m
[0m2021.11.05 13:21:34 WARN  Build server is not auto-connectable.[0m
[0m2021.11.05 13:21:34 WARN  no build target for: /home/andreas/Dropbox/PGK/labs/scala/w08_life/src/main/scala/life/Matrix.scala[0m
[0m2021.11.05 13:21:34 INFO  skipping build import with status 'Requested'[0m
[0m2021.11.05 13:21:36 INFO  no build target: using presentation compiler with only scala-library: 3.1.0[0m
[0m2021.11.05 13:21:38 INFO  no build target: using presentation compiler with only scala-library: 3.0.2[0m
[0m2021.11.05 13:21:40 INFO  time: code lens generation in 5.71s[0m
[0m2021.11.05 13:21:41 INFO  shutting down Metals[0m
[0m2021.11.05 13:35:11 INFO  Started: Metals version 0.10.9 in workspace '/home/andreas/Dropbox/PGK/labs/scala/w08_life/src/main/scala/life' for client Visual Studio Code 1.61.2.[0m
[0m2021.11.05 13:35:13 INFO  time: initialize in 2.02s[0m
[0m2021.11.05 13:35:14 WARN  Build server is not auto-connectable.[0m
[0m2021.11.05 13:35:14 INFO  skipping build import with status 'Requested'[0m
[0m2021.11.05 13:35:35 WARN  no build target for: /home/andreas/Dropbox/PGK/labs/scala/w08_life/src/main/scala/life/Life.scala[0m
[0m2021.11.05 13:35:36 WARN  no build target for: /home/andreas/Dropbox/PGK/labs/scala/w08_life/src/main/scala/life/LifeWindow.scala[0m
[0m2021.11.05 13:35:37 WARN  no build target for: /home/andreas/Dropbox/PGK/labs/scala/w08_life/src/main/scala/life/Main.scala[0m
[0m2021.11.05 13:35:38 INFO  no build target: using presentation compiler with only scala-library: 3.0.2[0m
[0m2021.11.05 13:35:38 WARN  no build target for: /home/andreas/Dropbox/PGK/labs/scala/w08_life/src/main/scala/life/Matrix.scala[0m
Nov 05, 2021 1:35:41 PM org.eclipse.lsp4j.jsonrpc.RemoteEndpoint handleCancellation
WARNING: Unmatched cancel notification for request id 25
Nov 05, 2021 1:35:41 PM org.eclipse.lsp4j.jsonrpc.RemoteEndpoint handleCancellation
WARNING: Unmatched cancel notification for request id 26
Nov 05, 2021 1:35:41 PM org.eclipse.lsp4j.jsonrpc.RemoteEndpoint handleCancellation
WARNING: Unmatched cancel notification for request id 30
[0m2021.11.05 13:35:41 INFO  time: code lens generation in 2.77s[0m
[0m2021.11.05 13:35:41 INFO  time: code lens generation in 3.44s[0m
[0m2021.11.05 13:35:41 INFO  time: code lens generation in 5.08s[0m
[0m2021.11.05 13:35:41 INFO  time: code lens generation in 4.27s[0m
Nov 05, 2021 1:35:50 PM org.eclipse.lsp4j.jsonrpc.RemoteEndpoint handleCancellation
WARNING: Unmatched cancel notification for request id 35
[0m2021.11.05 13:35:58 INFO  shutting down Metals[0m
