[0m2021.11.09 15:42:00 INFO  Started: Metals version 0.10.9 in workspace '/home/andreas/Dropbox/PGK/labs/w09words' for client Visual Studio Code 1.61.2.[0m
[0m2021.11.09 15:42:01 INFO  time: initialize in 1.46s[0m
[0m2021.11.09 15:42:01 WARN  Build server is not auto-connectable.[0m
[0m2021.11.09 15:42:02 WARN  no build target for: /home/andreas/Dropbox/PGK/labs/w09words/Main.scala[0m
[0m2021.11.09 15:42:02 WARN  no build target for: /home/andreas/Dropbox/PGK/labs/w09words/FreqMapBuilder.scala[0m
[0m2021.11.09 15:42:02 WARN  no build target for: /home/andreas/Dropbox/PGK/labs/w09words/Text.scala[0m
[0m2021.11.09 15:42:05 INFO  no build target: using presentation compiler with only scala-library: 3.1.0[0m
[0m2021.11.09 15:42:09 INFO  no build target: using presentation compiler with only scala-library: 3.0.2[0m
[0m2021.11.09 15:42:12 INFO  time: code lens generation in 9.06s[0m
Nov 09, 2021 3:42:27 PM org.eclipse.lsp4j.jsonrpc.RemoteEndpoint handleCancellation
WARNING: Unmatched cancel notification for request id 6
Nov 09, 2021 3:42:30 PM org.eclipse.lsp4j.jsonrpc.RemoteEndpoint fallbackResponseError
SEVERE: Internal error: java.lang.reflect.InvocationTargetException
java.lang.RuntimeException: java.lang.reflect.InvocationTargetException
	at org.eclipse.lsp4j.jsonrpc.services.GenericEndpoint.lambda$null$0(GenericEndpoint.java:67)
	at org.eclipse.lsp4j.jsonrpc.services.GenericEndpoint.request(GenericEndpoint.java:120)
	at org.eclipse.lsp4j.jsonrpc.RemoteEndpoint.handleRequest(RemoteEndpoint.java:261)
	at org.eclipse.lsp4j.jsonrpc.RemoteEndpoint.consume(RemoteEndpoint.java:190)
	at org.eclipse.lsp4j.jsonrpc.json.StreamMessageProducer.handleMessage(StreamMessageProducer.java:194)
	at org.eclipse.lsp4j.jsonrpc.json.StreamMessageProducer.listen(StreamMessageProducer.java:94)
	at org.eclipse.lsp4j.jsonrpc.json.ConcurrentMessageProcessor.run(ConcurrentMessageProcessor.java:113)
	at java.base/java.util.concurrent.Executors$RunnableAdapter.call(Executors.java:515)
	at java.base/java.util.concurrent.FutureTask.run(FutureTask.java:264)
	at java.base/java.util.concurrent.ThreadPoolExecutor.runWorker(ThreadPoolExecutor.java:1128)
	at java.base/java.util.concurrent.ThreadPoolExecutor$Worker.run(ThreadPoolExecutor.java:628)
	at java.base/java.lang.Thread.run(Thread.java:829)
Caused by: java.lang.reflect.InvocationTargetException
	at java.base/jdk.internal.reflect.NativeMethodAccessorImpl.invoke0(Native Method)
	at java.base/jdk.internal.reflect.NativeMethodAccessorImpl.invoke(NativeMethodAccessorImpl.java:62)
	at java.base/jdk.internal.reflect.DelegatingMethodAccessorImpl.invoke(DelegatingMethodAccessorImpl.java:43)
	at java.base/java.lang.reflect.Method.invoke(Method.java:566)
	at org.eclipse.lsp4j.jsonrpc.services.GenericEndpoint.lambda$null$0(GenericEndpoint.java:65)
	... 11 more
Caused by: java.lang.IllegalArgumentException: 29 is not a valid line number, allowed [0..20]
	at scala.meta.internal.inputs.InternalInput.lineToOffset(InternalInput.scala:37)
	at scala.meta.internal.inputs.InternalInput.lineToOffset$(InternalInput.scala:32)
	at scala.meta.inputs.Input$VirtualFile.lineToOffset(Input.scala:80)
	at scala.meta.inputs.Position$Range$.apply(Position.scala:59)
	at scala.meta.internal.mtags.MtagsEnrichments$XtensionPositionLspInverse.toMeta(MtagsEnrichments.scala:133)
	at scala.meta.internal.parsing.Trees.$anonfun$findLastEnclosingAt$4(Trees.scala:77)
	at scala.Option.flatMap(Option.scala:271)
	at scala.meta.internal.parsing.Trees.findLastEnclosingAt(Trees.scala:76)
	at scala.meta.internal.metals.codeactions.PatternMatchRefactor.contribute(PatternMatchRefactor.scala:96)
	at scala.meta.internal.metals.CodeActionProvider$$anonfun$1.applyOrElse(CodeActionProvider.scala:62)
	at scala.meta.internal.metals.CodeActionProvider$$anonfun$1.applyOrElse(CodeActionProvider.scala:61)
	at scala.collection.immutable.List.collect(List.scala:323)
	at scala.meta.internal.metals.CodeActionProvider.codeActions(CodeActionProvider.scala:61)
	at scala.meta.internal.metals.MetalsLanguageServer.$anonfun$codeAction$1(MetalsLanguageServer.scala:1555)
	at scala.meta.internal.metals.CancelTokens$.future(CancelTokens.scala:38)
	at scala.meta.internal.metals.MetalsLanguageServer.codeAction(MetalsLanguageServer.scala:1554)
	... 16 more

Nov 09, 2021 3:42:39 PM org.eclipse.lsp4j.jsonrpc.RemoteEndpoint fallbackResponseError
SEVERE: Internal error: java.lang.reflect.InvocationTargetException
java.lang.RuntimeException: java.lang.reflect.InvocationTargetException
	at org.eclipse.lsp4j.jsonrpc.services.GenericEndpoint.lambda$null$0(GenericEndpoint.java:67)
	at org.eclipse.lsp4j.jsonrpc.services.GenericEndpoint.request(GenericEndpoint.java:120)
	at org.eclipse.lsp4j.jsonrpc.RemoteEndpoint.handleRequest(RemoteEndpoint.java:261)
	at org.eclipse.lsp4j.jsonrpc.RemoteEndpoint.consume(RemoteEndpoint.java:190)
	at org.eclipse.lsp4j.jsonrpc.json.StreamMessageProducer.handleMessage(StreamMessageProducer.java:194)
	at org.eclipse.lsp4j.jsonrpc.json.StreamMessageProducer.listen(StreamMessageProducer.java:94)
	at org.eclipse.lsp4j.jsonrpc.json.ConcurrentMessageProcessor.run(ConcurrentMessageProcessor.java:113)
	at java.base/java.util.concurrent.Executors$RunnableAdapter.call(Executors.java:515)
	at java.base/java.util.concurrent.FutureTask.run(FutureTask.java:264)
	at java.base/java.util.concurrent.ThreadPoolExecutor.runWorker(ThreadPoolExecutor.java:1128)
	at java.base/java.util.concurrent.ThreadPoolExecutor$Worker.run(ThreadPoolExecutor.java:628)
	at java.base/java.lang.Thread.run(Thread.java:829)
Caused by: java.lang.reflect.InvocationTargetException
	at java.base/jdk.internal.reflect.NativeMethodAccessorImpl.invoke0(Native Method)
	at java.base/jdk.internal.reflect.NativeMethodAccessorImpl.invoke(NativeMethodAccessorImpl.java:62)
	at java.base/jdk.internal.reflect.DelegatingMethodAccessorImpl.invoke(DelegatingMethodAccessorImpl.java:43)
	at java.base/java.lang.reflect.Method.invoke(Method.java:566)
	at org.eclipse.lsp4j.jsonrpc.services.GenericEndpoint.lambda$null$0(GenericEndpoint.java:65)
	... 11 more
Caused by: java.lang.IllegalArgumentException: 29 is not a valid line number, allowed [0..20]
	at scala.meta.internal.inputs.InternalInput.lineToOffset(InternalInput.scala:37)
	at scala.meta.internal.inputs.InternalInput.lineToOffset$(InternalInput.scala:32)
	at scala.meta.inputs.Input$VirtualFile.lineToOffset(Input.scala:80)
	at scala.meta.inputs.Position$Range$.apply(Position.scala:59)
	at scala.meta.internal.mtags.MtagsEnrichments$XtensionPositionLspInverse.toMeta(MtagsEnrichments.scala:133)
	at scala.meta.internal.parsing.Trees.$anonfun$findLastEnclosingAt$4(Trees.scala:77)
	at scala.Option.flatMap(Option.scala:271)
	at scala.meta.internal.parsing.Trees.findLastEnclosingAt(Trees.scala:76)
	at scala.meta.internal.metals.codeactions.PatternMatchRefactor.contribute(PatternMatchRefactor.scala:96)
	at scala.meta.internal.metals.CodeActionProvider$$anonfun$1.applyOrElse(CodeActionProvider.scala:62)
	at scala.meta.internal.metals.CodeActionProvider$$anonfun$1.applyOrElse(CodeActionProvider.scala:61)
	at scala.collection.immutable.List.collect(List.scala:323)
	at scala.meta.internal.metals.CodeActionProvider.codeActions(CodeActionProvider.scala:61)
	at scala.meta.internal.metals.MetalsLanguageServer.$anonfun$codeAction$1(MetalsLanguageServer.scala:1555)
	at scala.meta.internal.metals.CancelTokens$.future(CancelTokens.scala:38)
	at scala.meta.internal.metals.MetalsLanguageServer.codeAction(MetalsLanguageServer.scala:1554)
	... 16 more

Nov 09, 2021 3:42:41 PM org.eclipse.lsp4j.jsonrpc.RemoteEndpoint fallbackResponseError
SEVERE: Internal error: java.lang.reflect.InvocationTargetException
java.lang.RuntimeException: java.lang.reflect.InvocationTargetException
	at org.eclipse.lsp4j.jsonrpc.services.GenericEndpoint.lambda$null$0(GenericEndpoint.java:67)
	at org.eclipse.lsp4j.jsonrpc.services.GenericEndpoint.request(GenericEndpoint.java:120)
	at org.eclipse.lsp4j.jsonrpc.RemoteEndpoint.handleRequest(RemoteEndpoint.java:261)
	at org.eclipse.lsp4j.jsonrpc.RemoteEndpoint.consume(RemoteEndpoint.java:190)
	at org.eclipse.lsp4j.jsonrpc.json.StreamMessageProducer.handleMessage(StreamMessageProducer.java:194)
	at org.eclipse.lsp4j.jsonrpc.json.StreamMessageProducer.listen(StreamMessageProducer.java:94)
	at org.eclipse.lsp4j.jsonrpc.json.ConcurrentMessageProcessor.run(ConcurrentMessageProcessor.java:113)
	at java.base/java.util.concurrent.Executors$RunnableAdapter.call(Executors.java:515)
	at java.base/java.util.concurrent.FutureTask.run(FutureTask.java:264)
	at java.base/java.util.concurrent.ThreadPoolExecutor.runWorker(ThreadPoolExecutor.java:1128)
	at java.base/java.util.concurrent.ThreadPoolExecutor$Worker.run(ThreadPoolExecutor.java:628)
	at java.base/java.lang.Thread.run(Thread.java:829)
Caused by: java.lang.reflect.InvocationTargetException
	at java.base/jdk.internal.reflect.NativeMethodAccessorImpl.invoke0(Native Method)
	at java.base/jdk.internal.reflect.NativeMethodAccessorImpl.invoke(NativeMethodAccessorImpl.java:62)
	at java.base/jdk.internal.reflect.DelegatingMethodAccessorImpl.invoke(DelegatingMethodAccessorImpl.java:43)
	at java.base/java.lang.reflect.Method.invoke(Method.java:566)
	at org.eclipse.lsp4j.jsonrpc.services.GenericEndpoint.lambda$null$0(GenericEndpoint.java:65)
	... 11 more
Caused by: java.lang.IllegalArgumentException: 32 is not a valid line number, allowed [0..20]
	at scala.meta.internal.inputs.InternalInput.lineToOffset(InternalInput.scala:37)
	at scala.meta.internal.inputs.InternalInput.lineToOffset$(InternalInput.scala:32)
	at scala.meta.inputs.Input$VirtualFile.lineToOffset(Input.scala:80)
	at scala.meta.inputs.Position$Range$.apply(Position.scala:59)
	at scala.meta.internal.mtags.MtagsEnrichments$XtensionPositionLspInverse.toMeta(MtagsEnrichments.scala:133)
	at scala.meta.internal.parsing.Trees.$anonfun$findLastEnclosingAt$4(Trees.scala:77)
	at scala.Option.flatMap(Option.scala:271)
	at scala.meta.internal.parsing.Trees.findLastEnclosingAt(Trees.scala:76)
	at scala.meta.internal.metals.codeactions.PatternMatchRefactor.contribute(PatternMatchRefactor.scala:96)
	at scala.meta.internal.metals.CodeActionProvider$$anonfun$1.applyOrElse(CodeActionProvider.scala:62)
	at scala.meta.internal.metals.CodeActionProvider$$anonfun$1.applyOrElse(CodeActionProvider.scala:61)
	at scala.collection.immutable.List.collect(List.scala:323)
	at scala.meta.internal.metals.CodeActionProvider.codeActions(CodeActionProvider.scala:61)
	at scala.meta.internal.metals.MetalsLanguageServer.$anonfun$codeAction$1(MetalsLanguageServer.scala:1555)
	at scala.meta.internal.metals.CancelTokens$.future(CancelTokens.scala:38)
	at scala.meta.internal.metals.MetalsLanguageServer.codeAction(MetalsLanguageServer.scala:1554)
	... 16 more

[0m2021.11.09 15:43:03 WARN  no build target for: /home/andreas/Dropbox/PGK/labs/w09words/FreqMapBuilder.scala[0m
[0m2021.11.09 15:43:03 INFO  skipping build import with status 'Requested'[0m
Nov 09, 2021 3:43:25 PM org.eclipse.lsp4j.jsonrpc.RemoteEndpoint handleCancellation
WARNING: Unmatched cancel notification for request id 87
Nov 09, 2021 3:43:43 PM org.eclipse.lsp4j.jsonrpc.RemoteEndpoint handleCancellation
WARNING: Unmatched cancel notification for request id 96
[0m2021.11.09 15:44:04 WARN  no build target for: /home/andreas/Dropbox/PGK/labs/w09words/Main.scala[0m
[0m2021.11.09 15:44:04 INFO  skipping build import with status 'Requested'[0m
Nov 09, 2021 3:44:06 PM org.eclipse.lsp4j.jsonrpc.RemoteEndpoint handleCancellation
WARNING: Unmatched cancel notification for request id 115
[0m2021.11.09 15:44:17 WARN  no build target for: /home/andreas/Dropbox/PGK/labs/w09words/Text.scala[0m
[0m2021.11.09 15:44:17 INFO  skipping build import with status 'Requested'[0m
Nov 09, 2021 3:54:29 PM org.eclipse.lsp4j.jsonrpc.RemoteEndpoint handleCancellation
WARNING: Unmatched cancel notification for request id 146
Nov 09, 2021 3:54:31 PM org.eclipse.lsp4j.jsonrpc.RemoteEndpoint handleCancellation
WARNING: Unmatched cancel notification for request id 152
Nov 09, 2021 4:14:52 PM org.eclipse.lsp4j.jsonrpc.RemoteEndpoint handleCancellation
WARNING: Unmatched cancel notification for request id 422
Nov 09, 2021 4:31:26 PM org.eclipse.lsp4j.jsonrpc.RemoteEndpoint handleCancellation
WARNING: Unmatched cancel notification for request id 1023
[0m2021.11.09 16:36:25 WARN  no build target for: /home/andreas/Dropbox/PGK/labs/w09words/Text.scala[0m
[0m2021.11.09 16:36:25 INFO  skipping build import with status 'Requested'[0m
[0m2021.11.09 16:37:33 WARN  no build target for: /home/andreas/Dropbox/PGK/labs/w09words/Text.scala[0m
[0m2021.11.09 16:37:33 INFO  skipping build import with status 'Requested'[0m
[0m2021.11.09 16:37:37 WARN  no build target for: /home/andreas/Dropbox/PGK/labs/w09words/Text.scala[0m
[0m2021.11.09 16:37:37 INFO  skipping build import with status 'Requested'[0m
[0m2021.11.09 16:38:07 WARN  no build target for: /home/andreas/Dropbox/PGK/labs/w09words/Text.scala[0m
[0m2021.11.09 16:38:07 INFO  skipping build import with status 'Requested'[0m
[0m2021.11.09 16:42:32 WARN  no build target for: /home/andreas/Dropbox/PGK/labs/w09words/Text.scala[0m
[0m2021.11.09 16:42:32 INFO  skipping build import with status 'Requested'[0m
[0m2021.11.09 16:43:35 WARN  no build target for: /home/andreas/Dropbox/PGK/labs/scala/w09_words/src/main/scala/nlp/Text.scala[0m
Nov 09, 2021 4:44:25 PM org.eclipse.lsp4j.jsonrpc.RemoteEndpoint handleCancellation
WARNING: Unmatched cancel notification for request id 1487
Nov 09, 2021 4:44:55 PM org.eclipse.lsp4j.jsonrpc.RemoteEndpoint handleCancellation
WARNING: Unmatched cancel notification for request id 1539
[0m2021.11.09 16:46:25 WARN  no build target for: /home/andreas/Dropbox/PGK/labs/w09words/Text.scala[0m
[0m2021.11.09 16:46:25 INFO  skipping build import with status 'Requested'[0m
[0m2021.11.09 16:49:53 WARN  no build target for: /home/andreas/Dropbox/PGK/labs/w09words/Text.scala[0m
[0m2021.11.09 16:49:53 INFO  skipping build import with status 'Requested'[0m
[0m2021.11.09 16:51:25 WARN  no build target for: /home/andreas/Dropbox/PGK/labs/w09words/Text.scala[0m
[0m2021.11.09 16:51:25 INFO  skipping build import with status 'Requested'[0m
Nov 09, 2021 4:54:23 PM org.eclipse.lsp4j.jsonrpc.RemoteEndpoint handleCancellation
WARNING: Unmatched cancel notification for request id 1820
Nov 09, 2021 4:54:23 PM org.eclipse.lsp4j.jsonrpc.RemoteEndpoint handleCancellation
WARNING: Unmatched cancel notification for request id 1827
Nov 09, 2021 4:54:26 PM org.eclipse.lsp4j.jsonrpc.RemoteEndpoint handleCancellation
WARNING: Unmatched cancel notification for request id 1833
Nov 09, 2021 4:54:27 PM org.eclipse.lsp4j.jsonrpc.RemoteEndpoint handleCancellation
WARNING: Unmatched cancel notification for request id 1840
Nov 09, 2021 4:54:28 PM org.eclipse.lsp4j.jsonrpc.RemoteEndpoint handleCancellation
WARNING: Unmatched cancel notification for request id 1847
Nov 09, 2021 4:54:40 PM org.eclipse.lsp4j.jsonrpc.RemoteEndpoint handleCancellation
WARNING: Unmatched cancel notification for request id 1855
Nov 09, 2021 4:54:41 PM org.eclipse.lsp4j.jsonrpc.RemoteEndpoint handleCancellation
WARNING: Unmatched cancel notification for request id 1862
Nov 09, 2021 4:54:43 PM org.eclipse.lsp4j.jsonrpc.RemoteEndpoint handleCancellation
WARNING: Unmatched cancel notification for request id 1869
[0m2021.11.09 16:54:45 WARN  no build target for: /home/andreas/Dropbox/PGK/labs/w09words/Text.scala[0m
[0m2021.11.09 16:54:45 INFO  skipping build import with status 'Requested'[0m
Nov 09, 2021 4:54:47 PM org.eclipse.lsp4j.jsonrpc.RemoteEndpoint handleCancellation
WARNING: Unmatched cancel notification for request id 1875
Nov 09, 2021 4:54:48 PM org.eclipse.lsp4j.jsonrpc.RemoteEndpoint handleCancellation
WARNING: Unmatched cancel notification for request id 1881
Nov 09, 2021 4:54:55 PM org.eclipse.lsp4j.jsonrpc.RemoteEndpoint handleCancellation
WARNING: Unmatched cancel notification for request id 1889
Nov 09, 2021 4:54:56 PM org.eclipse.lsp4j.jsonrpc.RemoteEndpoint handleCancellation
WARNING: Unmatched cancel notification for request id 1895
Nov 09, 2021 4:55:27 PM org.eclipse.lsp4j.jsonrpc.RemoteEndpoint handleCancellation
WARNING: Unmatched cancel notification for request id 1903
Nov 09, 2021 4:55:28 PM org.eclipse.lsp4j.jsonrpc.RemoteEndpoint handleCancellation
WARNING: Unmatched cancel notification for request id 1910
Nov 09, 2021 4:55:42 PM org.eclipse.lsp4j.jsonrpc.RemoteEndpoint handleCancellation
WARNING: Unmatched cancel notification for request id 1917
Nov 09, 2021 4:58:06 PM org.eclipse.lsp4j.jsonrpc.RemoteEndpoint handleCancellation
WARNING: Unmatched cancel notification for request id 1933
Nov 09, 2021 5:00:18 PM org.eclipse.lsp4j.jsonrpc.RemoteEndpoint handleCancellation
WARNING: Unmatched cancel notification for request id 2097
Nov 09, 2021 5:00:39 PM org.eclipse.lsp4j.jsonrpc.RemoteEndpoint handleCancellation
WARNING: Unmatched cancel notification for request id 2143
Nov 09, 2021 5:00:56 PM org.eclipse.lsp4j.jsonrpc.RemoteEndpoint handleCancellation
WARNING: Unmatched cancel notification for request id 2159
Nov 09, 2021 5:00:58 PM org.eclipse.lsp4j.jsonrpc.RemoteEndpoint handleCancellation
WARNING: Unmatched cancel notification for request id 2166
Nov 09, 2021 5:01:17 PM org.eclipse.lsp4j.jsonrpc.RemoteEndpoint handleCancellation
WARNING: Unmatched cancel notification for request id 2177
Nov 09, 2021 5:03:24 PM org.eclipse.lsp4j.jsonrpc.RemoteEndpoint handleCancellation
WARNING: Unmatched cancel notification for request id 2198
Nov 09, 2021 5:04:39 PM org.eclipse.lsp4j.jsonrpc.RemoteEndpoint handleCancellation
WARNING: Unmatched cancel notification for request id 2208
Nov 09, 2021 5:04:40 PM org.eclipse.lsp4j.jsonrpc.RemoteEndpoint handleCancellation
WARNING: Unmatched cancel notification for request id 2214
Nov 09, 2021 5:05:28 PM org.eclipse.lsp4j.jsonrpc.RemoteEndpoint handleCancellation
WARNING: Unmatched cancel notification for request id 2250
Nov 09, 2021 5:05:29 PM org.eclipse.lsp4j.jsonrpc.RemoteEndpoint handleCancellation
WARNING: Unmatched cancel notification for request id 2256
Nov 09, 2021 5:05:35 PM org.eclipse.lsp4j.jsonrpc.RemoteEndpoint handleCancellation
WARNING: Unmatched cancel notification for request id 2265
Nov 09, 2021 5:06:08 PM org.eclipse.lsp4j.jsonrpc.RemoteEndpoint handleCancellation
WARNING: Unmatched cancel notification for request id 2320
Nov 09, 2021 5:06:19 PM org.eclipse.lsp4j.jsonrpc.RemoteEndpoint handleCancellation
WARNING: Unmatched cancel notification for request id 2334
Nov 09, 2021 5:08:23 PM org.eclipse.lsp4j.jsonrpc.RemoteEndpoint handleCancellation
WARNING: Unmatched cancel notification for request id 2344
Nov 09, 2021 5:08:24 PM org.eclipse.lsp4j.jsonrpc.RemoteEndpoint handleCancellation
WARNING: Unmatched cancel notification for request id 2351
Nov 09, 2021 5:09:29 PM org.eclipse.lsp4j.jsonrpc.RemoteEndpoint handleCancellation
WARNING: Unmatched cancel notification for request id 2419
Nov 09, 2021 5:09:30 PM org.eclipse.lsp4j.jsonrpc.RemoteEndpoint handleCancellation
WARNING: Unmatched cancel notification for request id 2425
[0m2021.11.09 17:09:32 WARN  no build target for: /home/andreas/Dropbox/PGK/labs/w09words/Text.scala[0m
[0m2021.11.09 17:09:32 INFO  skipping build import with status 'Requested'[0m
[0m2021.11.09 17:11:10 WARN  no build target for: /home/andreas/Dropbox/PGK/labs/w09words/Text.scala[0m
[0m2021.11.09 17:11:10 INFO  skipping build import with status 'Requested'[0m
[0m2021.11.11 13:07:51 INFO  Started: Metals version 0.10.9 in workspace '/home/andreas/Dropbox/PGK/labs/w09words' for client Visual Studio Code 1.61.2.[0m
[0m2021.11.11 13:07:52 INFO  time: initialize in 1.05s[0m
[0m2021.11.11 13:07:56 WARN  Build server is not auto-connectable.[0m
[0m2021.11.11 13:07:56 INFO  skipping build import with status 'Requested'[0m
[0m2021.11.11 13:07:57 WARN  no build target for: /home/andreas/Dropbox/PGK/labs/w09words/FreqMapBuilder.scala[0m
[0m2021.11.11 13:07:57 WARN  no build target for: /home/andreas/Dropbox/PGK/labs/w09words/Main.scala[0m
[0m2021.11.11 13:07:58 WARN  no build target for: /home/andreas/Dropbox/PGK/labs/w09words/Text.scala[0m
[0m2021.11.11 13:07:58 INFO  no build target: using presentation compiler with only scala-library: 3.1.0[0m
[0m2021.11.11 13:08:01 INFO  time: code lens generation in 2.11s[0m
[0m2021.11.11 13:08:01 INFO  time: code lens generation in 3.63s[0m
[0m2021.11.11 13:08:01 INFO  time: code lens generation in 2.99s[0m
Nov 11, 2021 1:24:03 PM org.eclipse.lsp4j.jsonrpc.RemoteEndpoint handleCancellation
WARNING: Unmatched cancel notification for request id 126
Nov 11, 2021 1:24:03 PM org.eclipse.lsp4j.jsonrpc.RemoteEndpoint handleCancellation
WARNING: Unmatched cancel notification for request id 131
Nov 11, 2021 1:24:04 PM org.eclipse.lsp4j.jsonrpc.RemoteEndpoint handleCancellation
WARNING: Unmatched cancel notification for request id 137
Nov 11, 2021 1:24:51 PM org.eclipse.lsp4j.jsonrpc.RemoteEndpoint handleCancellation
WARNING: Unmatched cancel notification for request id 153
[0m2021.11.11 13:26:33 WARN  no build target for: /home/andreas/Dropbox/PGK/labs/w09words/Text.scala[0m
[0m2021.11.11 13:26:33 INFO  skipping build import with status 'Requested'[0m
Nov 11, 2021 1:29:55 PM org.eclipse.lsp4j.jsonrpc.RemoteEndpoint handleCancellation
WARNING: Unmatched cancel notification for request id 243
Nov 11, 2021 1:30:18 PM org.eclipse.lsp4j.jsonrpc.RemoteEndpoint handleCancellation
WARNING: Unmatched cancel notification for request id 255
Nov 11, 2021 1:30:40 PM org.eclipse.lsp4j.jsonrpc.RemoteEndpoint handleCancellation
WARNING: Unmatched cancel notification for request id 282
Nov 11, 2021 1:35:38 PM org.eclipse.lsp4j.jsonrpc.RemoteEndpoint handleCancellation
WARNING: Unmatched cancel notification for request id 340
[0m2021.11.11 13:35:46 WARN  no build target for: /home/andreas/Dropbox/PGK/labs/w09words/Text.scala[0m
[0m2021.11.11 13:35:47 INFO  skipping build import with status 'Requested'[0m
[0m2021.11.11 13:39:06 WARN  no build target for: /home/andreas/Dropbox/PGK/labs/scala/w09_words/src/main/scala/nlp/Text.scala[0m
Nov 11, 2021 1:39:12 PM org.eclipse.lsp4j.jsonrpc.RemoteEndpoint handleCancellation
WARNING: Unmatched cancel notification for request id 445
Nov 11, 2021 1:39:24 PM org.eclipse.lsp4j.jsonrpc.RemoteEndpoint handleCancellation
WARNING: Unmatched cancel notification for request id 481
Nov 11, 2021 1:39:26 PM org.eclipse.lsp4j.jsonrpc.RemoteEndpoint handleCancellation
WARNING: Unmatched cancel notification for request id 488
[0m2021.11.11 13:39:31 WARN  no build target for: /home/andreas/Dropbox/PGK/labs/w09words/Text.scala[0m
[0m2021.11.11 13:39:31 INFO  skipping build import with status 'Requested'[0m
Nov 11, 2021 1:39:33 PM org.eclipse.lsp4j.jsonrpc.RemoteEndpoint handleCancellation
WARNING: Unmatched cancel notification for request id 504
Nov 11, 2021 1:39:36 PM org.eclipse.lsp4j.jsonrpc.RemoteEndpoint handleCancellation
WARNING: Unmatched cancel notification for request id 510
[0m2021.11.11 13:42:07 WARN  no build target for: /home/andreas/Dropbox/PGK/labs/w09words/Text.scala[0m
[0m2021.11.11 13:42:07 INFO  skipping build import with status 'Requested'[0m
[0m2021.11.11 13:42:37 WARN  no build target for: /home/andreas/Dropbox/PGK/labs/w09words/Text.scala[0m
[0m2021.11.11 13:42:37 INFO  skipping build import with status 'Requested'[0m
[0m2021.11.11 13:42:55 WARN  no build target for: /home/andreas/Dropbox/PGK/labs/w09words/Text.scala[0m
[0m2021.11.11 13:42:55 WARN  no build target for: /home/andreas/Dropbox/PGK/labs/w09words/Text.scala[0m
[0m2021.11.11 13:42:55 WARN  no build target for: /home/andreas/Dropbox/PGK/labs/w09words/Text.scala[0m
[0m2021.11.11 13:42:55 INFO  skipping build import with status 'Requested'[0m
Exception in thread "pool-3-thread-1" java.lang.InterruptedException
	at scala.meta.internal.metals.FutureCancelToken.checkCanceled(FutureCancelToken.scala:29)
	at scala.meta.internal.pc.CompilerAccess.onCompilerJobQueue$$anonfun$1(CompilerAccess.scala:195)
	at scala.meta.internal.pc.CompilerJobQueue$Job.run(CompilerJobQueue.scala:139)
	at java.base/java.util.concurrent.ThreadPoolExecutor.runWorker(ThreadPoolExecutor.java:1128)
	at java.base/java.util.concurrent.ThreadPoolExecutor$Worker.run(ThreadPoolExecutor.java:628)
	at java.base/java.lang.Thread.run(Thread.java:829)
Nov 11, 2021 1:45:18 PM org.eclipse.lsp4j.jsonrpc.RemoteEndpoint handleCancellation
WARNING: Unmatched cancel notification for request id 793
Nov 11, 2021 1:45:23 PM org.eclipse.lsp4j.jsonrpc.RemoteEndpoint handleCancellation
WARNING: Unmatched cancel notification for request id 800
Nov 11, 2021 1:45:24 PM org.eclipse.lsp4j.jsonrpc.RemoteEndpoint handleCancellation
WARNING: Unmatched cancel notification for request id 805
Nov 11, 2021 1:45:27 PM org.eclipse.lsp4j.jsonrpc.RemoteEndpoint handleCancellation
WARNING: Unmatched cancel notification for request id 811
Nov 11, 2021 1:45:28 PM org.eclipse.lsp4j.jsonrpc.RemoteEndpoint handleCancellation
WARNING: Unmatched cancel notification for request id 818
[0m2021.11.11 13:45:38 WARN  no build target for: /home/andreas/Dropbox/PGK/labs/w09words/Text.scala[0m
[0m2021.11.11 13:45:38 INFO  skipping build import with status 'Requested'[0m
Nov 11, 2021 1:46:14 PM org.eclipse.lsp4j.jsonrpc.RemoteEndpoint handleCancellation
WARNING: Unmatched cancel notification for request id 878
Nov 11, 2021 1:56:13 PM org.eclipse.lsp4j.jsonrpc.RemoteEndpoint handleCancellation
WARNING: Unmatched cancel notification for request id 922
Nov 11, 2021 1:56:16 PM org.eclipse.lsp4j.jsonrpc.RemoteEndpoint handleCancellation
WARNING: Unmatched cancel notification for request id 931
Nov 11, 2021 1:56:18 PM org.eclipse.lsp4j.jsonrpc.RemoteEndpoint handleCancellation
WARNING: Unmatched cancel notification for request id 937
Nov 11, 2021 1:56:36 PM org.eclipse.lsp4j.jsonrpc.RemoteEndpoint handleCancellation
WARNING: Unmatched cancel notification for request id 962
Nov 11, 2021 1:56:43 PM org.eclipse.lsp4j.jsonrpc.RemoteEndpoint handleCancellation
WARNING: Unmatched cancel notification for request id 981
Nov 11, 2021 1:56:49 PM org.eclipse.lsp4j.jsonrpc.RemoteEndpoint handleCancellation
WARNING: Unmatched cancel notification for request id 997
[0m2021.11.11 13:56:51 WARN  no build target for: /home/andreas/Dropbox/PGK/labs/w09words/Text.scala[0m
[0m2021.11.11 13:56:51 WARN  no build target for: /home/andreas/Dropbox/PGK/labs/w09words/Text.scala[0m
[0m2021.11.11 13:56:51 WARN  no build target for: /home/andreas/Dropbox/PGK/labs/w09words/Text.scala[0m
Nov 11, 2021 1:56:51 PM org.eclipse.lsp4j.jsonrpc.RemoteEndpoint handleCancellation
WARNING: Unmatched cancel notification for request id 1012
Nov 11, 2021 1:56:54 PM org.eclipse.lsp4j.jsonrpc.RemoteEndpoint handleCancellation
WARNING: Unmatched cancel notification for request id 1024
Nov 11, 2021 1:56:57 PM org.eclipse.lsp4j.jsonrpc.RemoteEndpoint handleCancellation
WARNING: Unmatched cancel notification for request id 1030
Nov 11, 2021 1:57:04 PM org.eclipse.lsp4j.jsonrpc.RemoteEndpoint handleCancellation
WARNING: Unmatched cancel notification for request id 1040
Nov 11, 2021 1:57:29 PM org.eclipse.lsp4j.jsonrpc.RemoteEndpoint handleCancellation
WARNING: Unmatched cancel notification for request id 1071
Nov 11, 2021 1:58:23 PM org.eclipse.lsp4j.jsonrpc.RemoteEndpoint handleCancellation
WARNING: Unmatched cancel notification for request id 1129
Nov 11, 2021 1:58:32 PM org.eclipse.lsp4j.jsonrpc.RemoteEndpoint handleCancellation
WARNING: Unmatched cancel notification for request id 1134
Nov 11, 2021 1:59:33 PM org.eclipse.lsp4j.jsonrpc.RemoteEndpoint handleCancellation
WARNING: Unmatched cancel notification for request id 1168
Nov 11, 2021 1:59:38 PM org.eclipse.lsp4j.jsonrpc.RemoteEndpoint handleCancellation
WARNING: Unmatched cancel notification for request id 1174
Nov 11, 2021 1:59:43 PM org.eclipse.lsp4j.jsonrpc.RemoteEndpoint handleCancellation
WARNING: Unmatched cancel notification for request id 1179
Nov 11, 2021 1:59:47 PM org.eclipse.lsp4j.jsonrpc.RemoteEndpoint handleCancellation
WARNING: Unmatched cancel notification for request id 1185
Nov 11, 2021 2:00:04 PM org.eclipse.lsp4j.jsonrpc.RemoteEndpoint handleCancellation
WARNING: Unmatched cancel notification for request id 1201
Nov 11, 2021 2:00:09 PM org.eclipse.lsp4j.jsonrpc.RemoteEndpoint handleCancellation
WARNING: Unmatched cancel notification for request id 1207
Nov 11, 2021 2:00:22 PM org.eclipse.lsp4j.jsonrpc.RemoteEndpoint handleCancellation
WARNING: Unmatched cancel notification for request id 1222
[0m2021.11.11 14:00:51 WARN  no build target for: /home/andreas/Dropbox/PGK/labs/w09words/Text.scala[0m
[0m2021.11.11 14:00:51 INFO  skipping build import with status 'Requested'[0m
Nov 11, 2021 2:00:53 PM org.eclipse.lsp4j.jsonrpc.RemoteEndpoint handleCancellation
WARNING: Unmatched cancel notification for request id 1321
Nov 11, 2021 2:00:54 PM org.eclipse.lsp4j.jsonrpc.RemoteEndpoint handleCancellation
WARNING: Unmatched cancel notification for request id 1327
[0m2021.11.11 14:00:58 WARN  no build target for: /home/andreas/Dropbox/PGK/labs/w09words/Text.scala[0m
[0m2021.11.11 14:00:58 INFO  skipping build import with status 'Requested'[0m
Nov 11, 2021 2:01:01 PM org.eclipse.lsp4j.jsonrpc.RemoteEndpoint handleCancellation
WARNING: Unmatched cancel notification for request id 1345
Nov 11, 2021 2:01:06 PM org.eclipse.lsp4j.jsonrpc.RemoteEndpoint handleCancellation
WARNING: Unmatched cancel notification for request id 1351
Nov 11, 2021 2:01:07 PM org.eclipse.lsp4j.jsonrpc.RemoteEndpoint handleCancellation
WARNING: Unmatched cancel notification for request id 1356
[0m2021.11.11 14:01:28 WARN  no build target for: /home/andreas/Dropbox/PGK/labs/w09words/Text.scala[0m
[0m2021.11.11 14:01:28 INFO  skipping build import with status 'Requested'[0m
[0m2021.11.11 14:01:32 WARN  no build target for: /home/andreas/Dropbox/PGK/labs/w09words/Text.scala[0m
[0m2021.11.11 14:01:32 INFO  skipping build import with status 'Requested'[0m
[0m2021.11.11 14:02:39 WARN  no build target for: /home/andreas/Dropbox/PGK/labs/w09words/Text.scala[0m
[0m2021.11.11 14:02:39 INFO  skipping build import with status 'Requested'[0m
[0m2021.11.11 14:03:28 WARN  no build target for: /home/andreas/Dropbox/PGK/labs/w09words/Text.scala[0m
[0m2021.11.11 14:03:28 INFO  skipping build import with status 'Requested'[0m
[0m2021.11.11 14:04:03 WARN  no build target for: /home/andreas/Dropbox/PGK/labs/w09words/Text.scala[0m
[0m2021.11.11 14:04:03 INFO  skipping build import with status 'Requested'[0m
Nov 11, 2021 2:04:12 PM org.eclipse.lsp4j.jsonrpc.RemoteEndpoint handleCancellation
WARNING: Unmatched cancel notification for request id 1551
Nov 11, 2021 2:04:15 PM org.eclipse.lsp4j.jsonrpc.RemoteEndpoint handleCancellation
WARNING: Unmatched cancel notification for request id 1557
Nov 11, 2021 2:04:15 PM org.eclipse.lsp4j.jsonrpc.RemoteEndpoint handleCancellation
WARNING: Unmatched cancel notification for request id 1563
Nov 11, 2021 2:04:16 PM org.eclipse.lsp4j.jsonrpc.RemoteEndpoint handleCancellation
WARNING: Unmatched cancel notification for request id 1568
Nov 11, 2021 2:04:21 PM org.eclipse.lsp4j.jsonrpc.RemoteEndpoint handleCancellation
WARNING: Unmatched cancel notification for request id 1574
[0m2021.11.11 14:04:31 WARN  no build target for: /home/andreas/Dropbox/PGK/labs/w09words/Text.scala[0m
[0m2021.11.11 14:04:31 INFO  skipping build import with status 'Requested'[0m
[0m2021.11.11 14:04:36 WARN  no build target for: /home/andreas/Dropbox/PGK/labs/w09words/Text.scala[0m
[0m2021.11.11 14:04:36 INFO  skipping build import with status 'Requested'[0m
Nov 11, 2021 2:04:42 PM org.eclipse.lsp4j.jsonrpc.RemoteEndpoint handleCancellation
WARNING: Unmatched cancel notification for request id 1617
Nov 11, 2021 2:04:44 PM org.eclipse.lsp4j.jsonrpc.RemoteEndpoint handleCancellation
WARNING: Unmatched cancel notification for request id 1623
Nov 11, 2021 2:06:43 PM org.eclipse.lsp4j.jsonrpc.RemoteEndpoint handleCancellation
WARNING: Unmatched cancel notification for request id 1785
Nov 11, 2021 2:06:53 PM org.eclipse.lsp4j.jsonrpc.RemoteEndpoint handleCancellation
WARNING: Unmatched cancel notification for request id 1812
[0m2021.11.11 14:10:19 WARN  no build target for: /home/andreas/Dropbox/PGK/labs/w09words/Main.scala[0m
[0m2021.11.11 14:10:19 INFO  skipping build import with status 'Requested'[0m
Nov 11, 2021 2:11:36 PM org.eclipse.lsp4j.jsonrpc.RemoteEndpoint handleCancellation
WARNING: Unmatched cancel notification for request id 1867
Nov 11, 2021 2:11:37 PM org.eclipse.lsp4j.jsonrpc.RemoteEndpoint handleCancellation
WARNING: Unmatched cancel notification for request id 1873
[0m2021.11.11 14:12:00 WARN  no build target for: /home/andreas/Dropbox/PGK/labs/w09words/Main.scala[0m
[0m2021.11.11 14:12:00 INFO  skipping build import with status 'Requested'[0m
[0m2021.11.11 14:12:12 WARN  no build target for: /home/andreas/Dropbox/PGK/labs/w09words/Main.scala[0m
[0m2021.11.11 14:12:12 INFO  skipping build import with status 'Requested'[0m
Nov 11, 2021 2:13:46 PM org.eclipse.lsp4j.jsonrpc.RemoteEndpoint handleCancellation
WARNING: Unmatched cancel notification for request id 1977
Nov 11, 2021 2:14:00 PM org.eclipse.lsp4j.jsonrpc.RemoteEndpoint handleCancellation
WARNING: Unmatched cancel notification for request id 2001
Nov 11, 2021 2:14:01 PM org.eclipse.lsp4j.jsonrpc.RemoteEndpoint handleCancellation
WARNING: Unmatched cancel notification for request id 2008
[0m2021.11.11 14:14:03 WARN  no build target for: /home/andreas/Dropbox/PGK/labs/w09words/Text.scala[0m
[0m2021.11.11 14:14:03 INFO  skipping build import with status 'Requested'[0m
Nov 11, 2021 2:14:05 PM org.eclipse.lsp4j.jsonrpc.RemoteEndpoint handleCancellation
WARNING: Unmatched cancel notification for request id 2015
Nov 11, 2021 2:15:06 PM org.eclipse.lsp4j.jsonrpc.RemoteEndpoint handleCancellation
WARNING: Unmatched cancel notification for request id 2139
Nov 11, 2021 2:15:08 PM org.eclipse.lsp4j.jsonrpc.RemoteEndpoint handleCancellation
WARNING: Unmatched cancel notification for request id 2147
[0m2021.11.11 14:15:18 WARN  no build target for: /home/andreas/Dropbox/PGK/labs/w09words/Main.scala[0m
[0m2021.11.11 14:15:18 INFO  skipping build import with status 'Requested'[0m
[0m2021.11.11 14:15:53 WARN  no build target for: /home/andreas/Dropbox/PGK/labs/w09words/Main.scala[0m
[0m2021.11.11 14:15:53 INFO  skipping build import with status 'Requested'[0m
[0m2021.11.11 14:16:12 WARN  no build target for: /home/andreas/Dropbox/PGK/labs/w09words/Main.scala[0m
[0m2021.11.11 14:16:12 INFO  skipping build import with status 'Requested'[0m
[0m2021.11.11 14:16:23 WARN  no build target for: /home/andreas/Dropbox/PGK/labs/w09words/Main.scala[0m
[0m2021.11.11 14:16:23 INFO  skipping build import with status 'Requested'[0m
[0m2021.11.11 14:17:29 WARN  no build target for: /home/andreas/Dropbox/PGK/labs/w09words/Main.scala[0m
[0m2021.11.11 14:17:29 INFO  skipping build import with status 'Requested'[0m
[0m2021.11.11 14:18:14 WARN  no build target for: /home/andreas/Dropbox/PGK/labs/w09words/Main.scala[0m
[0m2021.11.11 14:18:14 INFO  skipping build import with status 'Requested'[0m
[0m2021.11.11 14:18:19 WARN  no build target for: /home/andreas/Dropbox/PGK/labs/w09words/Main.scala[0m
[0m2021.11.11 14:18:19 WARN  no build target for: /home/andreas/Dropbox/PGK/labs/w09words/Main.scala[0m
[0m2021.11.11 14:18:34 WARN  no build target for: /home/andreas/Dropbox/PGK/labs/w09words/Main.scala[0m
[0m2021.11.11 14:18:34 INFO  skipping build import with status 'Requested'[0m
[0m2021.11.11 14:19:55 WARN  no build target for: /home/andreas/Dropbox/PGK/labs/w09words/Main.scala[0m
[0m2021.11.11 14:19:55 INFO  skipping build import with status 'Requested'[0m
[0m2021.11.11 14:20:28 WARN  no build target for: /home/andreas/Dropbox/PGK/labs/w09words/Main.scala[0m
[0m2021.11.11 14:20:28 INFO  skipping build import with status 'Requested'[0m
Nov 11, 2021 3:06:54 PM org.eclipse.lsp4j.jsonrpc.RemoteEndpoint handleCancellation
WARNING: Unmatched cancel notification for request id 2605
[0m2021.11.11 15:24:12 WARN  no build target for: /home/andreas/Dropbox/PGK/labs/w09words/Text.scala[0m
[0m2021.11.11 15:24:12 INFO  skipping build import with status 'Requested'[0m
[0m2021.11.11 15:24:24 WARN  no build target for: /home/andreas/Dropbox/PGK/labs/w09words/Text.scala[0m
[0m2021.11.11 15:24:24 INFO  skipping build import with status 'Requested'[0m
[0m2021.11.11 15:35:32 WARN  no build target for: /home/andreas/Dropbox/PGK/labs/w09words/build.sbt[0m
[0m2021.11.11 15:35:58 WARN  no build target for: /home/andreas/Dropbox/PGK/labs/w09words/build.sbt[0m
[0m2021.11.11 15:35:58 INFO  skipping build import with status 'Requested'[0m
Nov 11, 2021 3:35:59 PM org.eclipse.lsp4j.jsonrpc.RemoteEndpoint handleCancellation
WARNING: Unmatched cancel notification for request id 2743
Nov 11, 2021 3:36:02 PM org.eclipse.lsp4j.jsonrpc.RemoteEndpoint handleCancellation
WARNING: Unmatched cancel notification for request id 2749
Nov 11, 2021 3:39:53 PM org.eclipse.lsp4j.jsonrpc.RemoteEndpoint handleCancellation
WARNING: Unmatched cancel notification for request id 2768
Nov 11, 2021 3:40:12 PM org.eclipse.lsp4j.jsonrpc.RemoteEndpoint handleCancellation
WARNING: Unmatched cancel notification for request id 2777
Nov 11, 2021 3:40:14 PM org.eclipse.lsp4j.jsonrpc.RemoteEndpoint handleCancellation
WARNING: Unmatched cancel notification for request id 2783
Nov 11, 2021 3:43:17 PM org.eclipse.lsp4j.jsonrpc.RemoteEndpoint handleCancellation
WARNING: Unmatched cancel notification for request id 2790
Nov 11, 2021 3:44:36 PM org.eclipse.lsp4j.jsonrpc.RemoteEndpoint handleCancellation
WARNING: Unmatched cancel notification for request id 2798
[0m2021.11.11 16:08:18 INFO  Started: Metals version 0.10.9 in workspace '/home/andreas/Dropbox/PGK/labs/w09words' for client Visual Studio Code 1.62.1.[0m
[0m2021.11.11 16:08:19 INFO  time: initialize in 0.94s[0m
[0m2021.11.11 16:08:19 WARN  Build server is not auto-connectable.[0m
[0m2021.11.11 16:08:19 WARN  no build target for: /home/andreas/Dropbox/PGK/labs/w09words/FreqMapBuilder.scala[0m
[0m2021.11.11 16:08:19 WARN  no build target for: /home/andreas/Dropbox/PGK/labs/w09words/build.sbt[0m
[0m2021.11.11 16:08:19 INFO  skipping build import with status 'Requested'[0m
[0m2021.11.11 16:08:21 INFO  no build target: using presentation compiler with only scala-library: 3.1.0[0m
Nov 11, 2021 4:08:21 PM org.eclipse.lsp4j.jsonrpc.RemoteEndpoint handleCancellation
WARNING: Unmatched cancel notification for request id 5
[0m2021.11.11 16:08:21 WARN  no build target for: /home/andreas/Dropbox/PGK/labs/w09words/Text.scala[0m
Nov 11, 2021 4:08:21 PM org.eclipse.lsp4j.jsonrpc.RemoteEndpoint handleCancellation
WARNING: Unmatched cancel notification for request id 9
Nov 11, 2021 4:08:21 PM org.eclipse.lsp4j.jsonrpc.RemoteEndpoint handleCancellation
WARNING: Unmatched cancel notification for request id 12
[0m2021.11.11 16:08:21 WARN  no build target for: /home/andreas/Dropbox/PGK/labs/w09words/Main.scala[0m
[0m2021.11.11 16:08:22 INFO  time: code lens generation in 1.46s[0m
[0m2021.11.11 16:08:23 INFO  time: code lens generation in 3.44s[0m
[0m2021.11.11 16:08:23 INFO  time: code lens generation in 1.6s[0m
[0m2021.11.11 16:18:01 WARN  no build target for: /home/andreas/Dropbox/PGK/labs/w09words/Main.scala[0m
[0m2021.11.11 16:18:01 INFO  skipping build import with status 'Requested'[0m
Nov 11, 2021 4:18:28 PM org.eclipse.lsp4j.jsonrpc.RemoteEndpoint handleCancellation
WARNING: Unmatched cancel notification for request id 153
Nov 11, 2021 4:18:31 PM org.eclipse.lsp4j.jsonrpc.RemoteEndpoint handleCancellation
WARNING: Unmatched cancel notification for request id 160
Nov 11, 2021 4:18:37 PM org.eclipse.lsp4j.jsonrpc.RemoteEndpoint handleCancellation
WARNING: Unmatched cancel notification for request id 169
Nov 11, 2021 4:18:53 PM org.eclipse.lsp4j.jsonrpc.RemoteEndpoint handleCancellation
WARNING: Unmatched cancel notification for request id 204
Nov 11, 2021 4:18:54 PM org.eclipse.lsp4j.jsonrpc.RemoteEndpoint handleCancellation
WARNING: Unmatched cancel notification for request id 210
Nov 11, 2021 4:18:55 PM org.eclipse.lsp4j.jsonrpc.RemoteEndpoint handleCancellation
WARNING: Unmatched cancel notification for request id 216
Nov 11, 2021 4:19:03 PM org.eclipse.lsp4j.jsonrpc.RemoteEndpoint handleCancellation
WARNING: Unmatched cancel notification for request id 227
[0m2021.11.11 16:19:44 WARN  no build target for: /home/andreas/Dropbox/PGK/labs/w09words/Main.scala[0m
[0m2021.11.11 16:19:44 INFO  skipping build import with status 'Requested'[0m
[0m2021.11.11 16:19:59 WARN  no build target for: /home/andreas/Dropbox/PGK/labs/w09words/Main.scala[0m
[0m2021.11.11 16:20:00 INFO  skipping build import with status 'Requested'[0m
[0m2021.11.11 16:20:16 WARN  no build target for: /home/andreas/Dropbox/PGK/labs/w09words/Main.scala[0m
[0m2021.11.11 16:20:16 INFO  skipping build import with status 'Requested'[0m
[0m2021.11.11 16:21:01 WARN  no build target for: /home/andreas/Dropbox/PGK/labs/w09words/Main.scala[0m
Nov 11, 2021 4:33:44 PM org.eclipse.lsp4j.jsonrpc.RemoteEndpoint handleCancellation
WARNING: Unmatched cancel notification for request id 391
[0m2021.11.11 16:44:31 WARN  no build target for: /home/andreas/Dropbox/PGK/labs/w09words/Text.scala[0m
[0m2021.11.11 16:44:31 WARN  no build target for: /home/andreas/Dropbox/PGK/labs/w09words/Text.scala[0m
[0m2021.11.11 16:44:33 WARN  no build target for: /home/andreas/Dropbox/PGK/labs/w09words/Text.scala[0m
Nov 11, 2021 4:44:38 PM org.eclipse.lsp4j.jsonrpc.RemoteEndpoint handleCancellation
WARNING: Unmatched cancel notification for request id 457
Nov 11, 2021 4:44:42 PM org.eclipse.lsp4j.jsonrpc.RemoteEndpoint handleCancellation
WARNING: Unmatched cancel notification for request id 463
[0m2021.11.11 16:46:09 WARN  no build target for: /home/andreas/Dropbox/PGK/labs/w09words/Text.scala[0m
[0m2021.11.11 16:46:11 WARN  no build target for: /home/andreas/Dropbox/PGK/labs/w09words/Text.scala[0m
[0m2021.11.11 16:47:58 WARN  no build target for: /home/andreas/Dropbox/PGK/labs/scala/w09_words/src/main/scala/nlp/Main.scala[0m
Nov 11, 2021 4:48:04 PM org.eclipse.lsp4j.jsonrpc.RemoteEndpoint handleCancellation
WARNING: Unmatched cancel notification for request id 551
[0m2021.11.11 16:48:07 WARN  no build target for: /home/andreas/Dropbox/PGK/labs/scala/w09_words/src/main/scala/nlp/FreqMapBuilder.scala[0m
Nov 11, 2021 4:48:11 PM org.eclipse.lsp4j.jsonrpc.RemoteEndpoint handleCancellation
WARNING: Unmatched cancel notification for request id 564
[0m2021.11.11 16:48:13 WARN  no build target for: /home/andreas/Dropbox/PGK/labs/scala/w09_words/src/main/scala/nlp/Text.scala[0m
Nov 11, 2021 4:48:25 PM org.eclipse.lsp4j.jsonrpc.RemoteEndpoint handleCancellation
WARNING: Unmatched cancel notification for request id 578
Nov 11, 2021 4:52:44 PM org.eclipse.lsp4j.jsonrpc.RemoteEndpoint handleCancellation
WARNING: Unmatched cancel notification for request id 605
Nov 11, 2021 4:52:54 PM org.eclipse.lsp4j.jsonrpc.RemoteEndpoint handleCancellation
WARNING: Unmatched cancel notification for request id 610
Nov 11, 2021 4:53:44 PM org.eclipse.lsp4j.jsonrpc.RemoteEndpoint handleCancellation
WARNING: Unmatched cancel notification for request id 694
Nov 11, 2021 4:53:59 PM org.eclipse.lsp4j.jsonrpc.RemoteEndpoint handleCancellation
WARNING: Unmatched cancel notification for request id 703
Nov 11, 2021 4:59:46 PM org.eclipse.lsp4j.jsonrpc.RemoteEndpoint handleCancellation
WARNING: Unmatched cancel notification for request id 740
Nov 11, 2021 4:59:47 PM org.eclipse.lsp4j.jsonrpc.RemoteEndpoint handleCancellation
WARNING: Unmatched cancel notification for request id 747
Nov 11, 2021 5:00:03 PM org.eclipse.lsp4j.jsonrpc.RemoteEndpoint handleCancellation
WARNING: Unmatched cancel notification for request id 774
[0m2021.11.11 17:00:10 WARN  no build target for: /home/andreas/Dropbox/PGK/labs/w09words/Text.scala[0m
[0m2021.11.11 17:00:10 INFO  skipping build import with status 'Requested'[0m
[0m2021.11.11 17:00:43 WARN  no build target for: /home/andreas/Dropbox/PGK/labs/w09words/Text.scala[0m
[0m2021.11.11 17:00:43 INFO  skipping build import with status 'Requested'[0m
Nov 11, 2021 5:01:24 PM org.eclipse.lsp4j.jsonrpc.RemoteEndpoint handleCancellation
WARNING: Unmatched cancel notification for request id 907
[0m2021.11.11 17:01:25 WARN  no build target for: /home/andreas/Dropbox/PGK/labs/w09words/Text.scala[0m
[0m2021.11.11 17:01:25 INFO  skipping build import with status 'Requested'[0m
Nov 11, 2021 5:01:27 PM org.eclipse.lsp4j.jsonrpc.RemoteEndpoint handleCancellation
WARNING: Unmatched cancel notification for request id 910
[0m2021.11.11 17:20:35 INFO  shutting down Metals[0m
[0m2021.11.11 17:20:35 INFO  shutting down Metals[0m
[0m2021.11.12 12:27:23 INFO  Started: Metals version 0.10.9 in workspace '/home/andreas/Dropbox/PGK/labs/w09words' for client Visual Studio Code 1.61.2.[0m
[0m2021.11.12 12:27:25 INFO  time: initialize in 1.38s[0m
[0m2021.11.12 12:27:25 WARN  Build server is not auto-connectable.[0m
[0m2021.11.12 12:27:26 WARN  no build target for: /home/andreas/Dropbox/PGK/labs/w09words/Text.scala[0m
[0m2021.11.12 12:27:26 INFO  skipping build import with status 'Requested'[0m
[0m2021.11.12 12:27:28 INFO  no build target: using presentation compiler with only scala-library: 3.0.2[0m
[0m2021.11.12 12:27:32 INFO  time: code lens generation in 5.3s[0m
[0m2021.11.12 12:27:50 INFO  shutting down Metals[0m
[0m2021.11.12 12:28:41 INFO  Started: Metals version 0.10.9 in workspace '/home/andreas/Dropbox/PGK/labs/w09words' for client Visual Studio Code 1.61.2.[0m
[0m2021.11.12 12:28:43 INFO  time: initialize in 1.89s[0m
[0m2021.11.12 12:28:43 WARN  Build server is not auto-connectable.[0m
[0m2021.11.12 12:28:44 WARN  no build target for: /home/andreas/Dropbox/PGK/labs/w09words/Text.scala[0m
[0m2021.11.12 12:28:44 WARN  no build target for: /home/andreas/Dropbox/PGK/labs/w09words/Main.scala[0m
[0m2021.11.12 12:28:44 INFO  skipping build import with status 'Requested'[0m
[0m2021.11.12 12:28:44 WARN  no build target for: /home/andreas/Dropbox/PGK/labs/scala/w09_words/src/main/scala/nlp/Text.scala[0m
Nov 12, 2021 12:28:44 PM org.eclipse.lsp4j.jsonrpc.RemoteEndpoint handleCancellation
WARNING: Unmatched cancel notification for request id 3
[0m2021.11.12 12:28:46 INFO  no build target: using presentation compiler with only scala-library: 3.1.0[0m
[0m2021.11.12 12:28:48 INFO  no build target: using presentation compiler with only scala-library: 3.0.2[0m
[0m2021.11.12 12:28:51 INFO  time: code lens generation in 6.03s[0m
Nov 12, 2021 12:28:51 PM org.eclipse.lsp4j.jsonrpc.RemoteEndpoint handleCancellation
WARNING: Unmatched cancel notification for request id 11
Nov 12, 2021 12:28:51 PM org.eclipse.lsp4j.jsonrpc.RemoteEndpoint handleCancellation
WARNING: Unmatched cancel notification for request id 12
Nov 12, 2021 12:29:03 PM org.eclipse.lsp4j.jsonrpc.RemoteEndpoint handleCancellation
WARNING: Unmatched cancel notification for request id 47
Nov 12, 2021 12:29:06 PM org.eclipse.lsp4j.jsonrpc.RemoteEndpoint handleCancellation
WARNING: Unmatched cancel notification for request id 53
Nov 12, 2021 12:29:15 PM org.eclipse.lsp4j.jsonrpc.RemoteEndpoint handleCancellation
WARNING: Unmatched cancel notification for request id 88
Nov 12, 2021 12:29:26 PM org.eclipse.lsp4j.jsonrpc.RemoteEndpoint handleCancellation
WARNING: Unmatched cancel notification for request id 98
[0m2021.11.12 12:29:30 WARN  no build target for: /home/andreas/Dropbox/PGK/labs/w09words/Text (imbrium's conflicted copy 2021-11-12).scala[0m
Nov 12, 2021 12:29:37 PM org.eclipse.lsp4j.jsonrpc.RemoteEndpoint handleCancellation
WARNING: Unmatched cancel notification for request id 118
[0m2021.11.12 12:29:41 WARN  no build target for: /home/andreas/Dropbox/PGK/labs/w09words/Text.scala[0m
[0m2021.11.12 12:29:41 INFO  skipping build import with status 'Requested'[0m
Nov 12, 2021 12:29:45 PM org.eclipse.lsp4j.jsonrpc.RemoteEndpoint handleCancellation
WARNING: Unmatched cancel notification for request id 132
Nov 12, 2021 12:29:52 PM org.eclipse.lsp4j.jsonrpc.RemoteEndpoint handleCancellation
WARNING: Unmatched cancel notification for request id 145
[0m2021.11.12 12:29:54 WARN  no build target for: /home/andreas/Dropbox/PGK/labs/w09words/FreqMapBuilder.scala[0m
Nov 12, 2021 12:33:41 PM org.eclipse.lsp4j.jsonrpc.RemoteEndpoint handleCancellation
WARNING: Unmatched cancel notification for request id 157
Nov 12, 2021 12:33:58 PM org.eclipse.lsp4j.jsonrpc.RemoteEndpoint handleCancellation
WARNING: Unmatched cancel notification for request id 167
Nov 12, 2021 12:57:27 PM org.eclipse.lsp4j.jsonrpc.RemoteEndpoint handleCancellation
WARNING: Unmatched cancel notification for request id 189
[0m2021.11.12 13:04:55 INFO  shutting down Metals[0m
[0m2021.11.12 13:09:29 INFO  Started: Metals version 0.10.9 in workspace '/home/andreas/Dropbox/PGK/labs/w09words' for client Visual Studio Code 1.61.2.[0m
[0m2021.11.12 13:09:31 INFO  time: initialize in 2.07s[0m
[0m2021.11.12 13:09:31 WARN  Build server is not auto-connectable.[0m
[0m2021.11.12 13:09:32 WARN  no build target for: /home/andreas/Dropbox/PGK/labs/w09words/Text.scala[0m
[0m2021.11.12 13:09:32 INFO  skipping build import with status 'Requested'[0m
[0m2021.11.12 13:09:34 INFO  no build target: using presentation compiler with only scala-library: 3.0.2[0m
[0m2021.11.12 13:09:37 INFO  time: code lens generation in 5.57s[0m
[0m2021.11.12 13:20:55 WARN  no build target for: /home/andreas/Dropbox/PGK/labs/w09words/FreqMapBuilder.scala[0m
[0m2021.11.12 13:20:56 WARN  no build target for: /home/andreas/Dropbox/PGK/labs/w09words/Main.scala[0m
[0m2021.11.12 13:20:59 WARN  no build target for: /home/andreas/Dropbox/PGK/labs/w09words/Main.scala[0m
[0m2021.11.12 13:20:59 INFO  skipping build import with status 'Requested'[0m
[0m2021.11.12 13:21:12 WARN  no build target for: /home/andreas/Dropbox/PGK/labs/w09words/Main.scala[0m
[0m2021.11.12 13:21:12 INFO  skipping build import with status 'Requested'[0m
Nov 12, 2021 1:22:06 PM org.eclipse.lsp4j.jsonrpc.RemoteEndpoint handleCancellation
WARNING: Unmatched cancel notification for request id 103
Nov 12, 2021 1:22:08 PM org.eclipse.lsp4j.jsonrpc.RemoteEndpoint handleCancellation
WARNING: Unmatched cancel notification for request id 109
[0m2021.11.12 13:24:55 WARN  no build target for: /home/andreas/Dropbox/PGK/labs/w09words/Text.scala[0m
[0m2021.11.12 13:24:55 INFO  skipping build import with status 'Requested'[0m
Nov 12, 2021 1:25:12 PM org.eclipse.lsp4j.jsonrpc.RemoteEndpoint handleCancellation
WARNING: Unmatched cancel notification for request id 357
[0m2021.11.12 13:26:16 WARN  no build target for: /home/andreas/Dropbox/PGK/labs/w09words/FreqMapBuilder.scala[0m
[0m2021.11.12 13:26:16 INFO  skipping build import with status 'Requested'[0m
[0m2021.11.12 13:30:49 WARN  no build target for: /home/andreas/Dropbox/PGK/labs/w09words/FreqMapBuilder.scala[0m
[0m2021.11.12 13:30:49 INFO  skipping build import with status 'Requested'[0m
[0m2021.11.12 13:30:51 INFO  shutting down Metals[0m
[0m2021.11.12 13:47:01 INFO  Started: Metals version 0.10.9 in workspace '/home/andreas/Dropbox/PGK/labs/w09words' for client Visual Studio Code 1.61.2.[0m
[0m2021.11.12 13:47:02 INFO  time: initialize in 1.43s[0m
[0m2021.11.12 13:47:02 WARN  Build server is not auto-connectable.[0m
[0m2021.11.12 13:47:03 WARN  no build target for: /home/andreas/Dropbox/PGK/labs/w09words/FreqMapBuilder.scala[0m
[0m2021.11.12 13:47:03 WARN  no build target for: /home/andreas/Dropbox/PGK/labs/w09words/Main.scala[0m
[0m2021.11.12 13:47:03 INFO  skipping build import with status 'Requested'[0m
[0m2021.11.12 13:47:05 INFO  no build target: using presentation compiler with only scala-library: 3.1.0[0m
[0m2021.11.12 13:47:07 INFO  no build target: using presentation compiler with only scala-library: 3.0.2[0m
[0m2021.11.12 13:47:07 WARN  no build target for: /home/andreas/Dropbox/PGK/labs/w09words/Text.scala[0m
Nov 12, 2021 1:47:08 PM org.eclipse.lsp4j.jsonrpc.RemoteEndpoint handleCancellation
WARNING: Unmatched cancel notification for request id 6
[0m2021.11.12 13:47:10 INFO  time: code lens generation in 7.28s[0m
[0m2021.11.12 13:47:10 INFO  time: code lens generation in 2.67s[0m
[0m2021.11.12 13:47:45 WARN  no build target for: /home/andreas/Dropbox/PGK/labs/w09words/Text.scala[0m
[0m2021.11.12 13:47:45 INFO  skipping build import with status 'Requested'[0m
Nov 12, 2021 1:48:10 PM org.eclipse.lsp4j.jsonrpc.RemoteEndpoint handleCancellation
WARNING: Unmatched cancel notification for request id 32
Nov 12, 2021 1:48:11 PM org.eclipse.lsp4j.jsonrpc.RemoteEndpoint handleCancellation
WARNING: Unmatched cancel notification for request id 38
Nov 12, 2021 1:48:42 PM org.eclipse.lsp4j.jsonrpc.RemoteEndpoint handleCancellation
WARNING: Unmatched cancel notification for request id 57
Nov 12, 2021 1:50:01 PM org.eclipse.lsp4j.jsonrpc.RemoteEndpoint handleCancellation
WARNING: Unmatched cancel notification for request id 69
Nov 12, 2021 1:50:02 PM org.eclipse.lsp4j.jsonrpc.RemoteEndpoint handleCancellation
WARNING: Unmatched cancel notification for request id 75
Nov 12, 2021 1:50:06 PM org.eclipse.lsp4j.jsonrpc.RemoteEndpoint handleCancellation
WARNING: Unmatched cancel notification for request id 84
Nov 12, 2021 1:50:17 PM org.eclipse.lsp4j.jsonrpc.RemoteEndpoint handleCancellation
WARNING: Unmatched cancel notification for request id 101
[0m2021.11.12 13:52:17 WARN  no build target for: /home/andreas/Dropbox/PGK/labs/w09words/Main.scala[0m
[0m2021.11.12 13:52:17 INFO  skipping build import with status 'Requested'[0m
[0m2021.11.12 13:55:23 WARN  no build target for: /home/andreas/Dropbox/PGK/labs/w09words/Main.scala[0m
[0m2021.11.12 13:55:23 INFO  skipping build import with status 'Requested'[0m
[0m2021.11.12 13:56:26 WARN  no build target for: /home/andreas/Dropbox/PGK/labs/w09words/Main.scala[0m
[0m2021.11.12 13:56:26 INFO  skipping build import with status 'Requested'[0m
[0m2021.11.12 13:59:06 INFO  shutting down Metals[0m
[0m2021.11.16 10:14:54 INFO  Started: Metals version 0.10.9 in workspace '/home/andreas/Dropbox/PGK/labs/w09words' for client Visual Studio Code 1.61.2.[0m
[0m2021.11.16 10:14:55 INFO  time: initialize in 1.97s[0m
[0m2021.11.16 10:14:56 WARN  Build server is not auto-connectable.[0m
[0m2021.11.16 10:14:56 WARN  no build target for: /home/andreas/Dropbox/PGK/labs/w09words/Main.scala[0m
[0m2021.11.16 10:14:56 INFO  skipping build import with status 'Requested'[0m
[0m2021.11.16 10:14:59 INFO  no build target: using presentation compiler with only scala-library: 3.1.0[0m
[0m2021.11.16 10:15:02 INFO  time: code lens generation in 5.01s[0m
[0m2021.11.16 10:15:10 INFO  shutting down Metals[0m
[0m2021.11.26 10:12:37 INFO  Started: Metals version 0.10.9 in workspace '/home/andreas/Dropbox/PGK/labs/w09words' for client Visual Studio Code 1.62.3.[0m
[0m2021.11.26 10:12:38 INFO  time: initialize in 1.41s[0m
[0m2021.11.26 10:12:38 WARN  Build server is not auto-connectable.[0m
[0m2021.11.26 10:12:39 WARN  no build target for: /home/andreas/Dropbox/PGK/labs/w09words/FreqMapBuilder.scala[0m
[0m2021.11.26 10:12:39 WARN  no build target for: /home/andreas/Dropbox/PGK/labs/w09words/Main.scala[0m
[0m2021.11.26 10:12:39 WARN  no build target for: /home/andreas/Dropbox/PGK/labs/w09words/Text.scala[0m
[0m2021.11.26 10:12:39 INFO  skipping build import with status 'Requested'[0m
Nov 26, 2021 10:12:41 AM org.eclipse.lsp4j.jsonrpc.RemoteEndpoint handleCancellation
WARNING: Unmatched cancel notification for request id 5
[0m2021.11.26 10:12:41 INFO  no build target: using presentation compiler with only scala-library: 3.0.2[0m
[0m2021.11.26 10:12:44 INFO  time: code lens generation in 2.35s[0m
[0m2021.11.26 10:12:44 INFO  time: code lens generation in 5.46s[0m
Nov 26, 2021 10:14:52 AM org.eclipse.lsp4j.jsonrpc.services.GenericEndpoint notify
INFO: Unsupported notification method: $/setTrace
[0m2021.11.26 10:32:54 INFO  shutting down Metals[0m
