[0m[[0m[0mdebug[0m] [0m[0m> Exec(__runWatch console0, Some(e1d02b70-73fd-42c1-a186-640bc9a10b50), Some(CommandSource(console0)))[0m
[0m[[0m[0mdebug[0m] [0m[0m> Exec(sbtStashOnFailure, None, Some(CommandSource(console0)))[0m
[0m[[0m[0mdebug[0m] [0m[0m> Exec(__preWatch console0, None, Some(CommandSource(console0)))[0m
[0m[[0m[0mdebug[0m] [0m[0m> Exec(compile, None, Some(CommandSource(console0)))[0m
[0m[[0m[0mdebug[0m] [0m[0mEvaluating tasks: Compile / compile[0m
[0m[[0m[0mdebug[0m] [0m[0mRunning task... Cancel: Signal, check cycles: false, forcegc: true[0m
[0m[[0m[0minfo[0m] [0m[0mcompiling 1 Scala source to /home/andreas/Dropbox/PGK/labs/w09words/target/scala-3.0.2/classes ...[0m
[0m[[0m[31merror[0m] [0m[0m[31m-- [E007] Type Mismatch Error: /home/andreas/Dropbox/PGK/labs/w09words/Text.scala:13:30 [0m[0m
[0m[[0m[31merror[0m] [0m[0m[31m13 |[0m    [33mval[0m [36mfreq[0m = FreqMapBuilder(words:[35m_[0m)[0m
[0m[[0m[31merror[0m] [0m[0m   |                              [31m^^^^^[0m[0m
[0m[[0m[31merror[0m] [0m[0m   |Found:    (Text.this.words : Vector[String])[0m
[0m[[0m[31merror[0m] [0m[0m   |Required: [0m
[0m[[0m[31merror[0m] [0m[0m   |[0m
[0m[[0m[31merror[0m] [0m[0m   |One of the following imports might make progress towards fixing the problem:[0m
[0m[[0m[31merror[0m] [0m[0m   |[0m
[0m[[0m[31merror[0m] [0m[0m   |  import math.Ordering.ordered[0m
[0m[[0m[31merror[0m] [0m[0m   |  import collection.JavaConverters.asJavaIterableConverter[0m
[0m[[0m[31merror[0m] [0m[0m   |  import collection.JavaConverters.seqAsJavaListConverter[0m
[0m[[0m[31merror[0m] [0m[0m   |  import collection.JavaConverters.asJavaCollectionConverter[0m
[0m[[0m[31merror[0m] [0m[0m   |  import util.control.Exception.throwableSubtypeToCatcher[0m
[0m[[0m[31merror[0m] [0m[0m   |  import math.Fractional.Implicits.infixFractionalOps[0m
[0m[[0m[31merror[0m] [0m[0m   |  import math.Integral.Implicits.infixIntegralOps[0m
[0m[[0m[31merror[0m] [0m[0m   |  import math.Numeric.Implicits.infixNumericOps[0m
[0m[[0m[31merror[0m] [0m[0m   |  import math.Ordered.orderingToOrdered[0m
[0m[[0m[31merror[0m] [0m[0m   |  import math.Ordering.Implicits.infixOrderingOps[0m
[0m[[0m[31merror[0m] [0m[0m   |[0m
[0m[[0m[31merror[0m] [0m[0mone error found[0m
[0m[[0m[31merror[0m] [0m[0mone error found[0m
[0m[[0m[31merror[0m] [0m[0m(Compile / [31mcompileIncremental[0m) Compilation failed[0m
[0m[[0m[31merror[0m] [0m[0mTotal time: 0 s, completed Nov 9, 2021, 5:16:07 PM[0m
[0m[[0m[0mdebug[0m] [0m[0m> Exec(resumeFromFailure, None, Some(CommandSource(console0)))[0m
[0m[[0m[0mdebug[0m] [0m[0m> Exec(sbtPopOnFailure, None, Some(CommandSource(console0)))[0m
[0m[[0m[0mdebug[0m] [0m[0m> Exec(__postWatch console0, None, Some(CommandSource(console0)))[0m
[0m[[0m[0mdebug[0m] [0m[0m> Exec(resumeFromFailure, None, None)[0m
[0m[[0m[0mdebug[0m] [0m[0m> Exec(__waitWatch console0, None, None)[0m
